# JRE version: OpenJDK Runtime Environment Temurin-17.0.7+7 (17.0.7+7) (build 17.0.7+7)
# Java VM: OpenJDK 64-Bit Server VM Temurin-17.0.7+7 (17.0.7+7, mixed mode, tiered, compressed oops, compressed class ptrs, parallel gc, windows-amd64)
GC Precious Log:
 CPUs: 4 total, 4 available
 Memory: 6069M
 Large Page Support: Disabled
 NUMA Support: Disabled
 Compressed Oops: Enabled (32-bit)
 Alignments: Space 512K, Generation 512K, Heap 2M
 Heap Min Capacity: 100M
 Heap Initial Capacity: 100M
 Heap Max Capacity: 1G
 Pre-touch: Disabled
 Parallel Workers: 4
Heap:
 PSYoungGen      total 3584K, used 486K [0x00000000eab00000, 0x00000000eb600000, 0x0000000100000000)
  eden space 3072K, 0% used [0x00000000eab00000,0x00000000eab00000,0x00000000eae00000)
  from space 512K, 94% used [0x00000000eb200000,0x00000000eb2798e0,0x00000000eb280000)
  to   space 3584K, 0% used [0x00000000eb280000,0x00000000eb280000,0x00000000eb600000)
 ParOldGen       total 102400K, used 102070K [0x00000000c0000000, 0x00000000c6400000, 0x00000000eab00000)
  object space 102400K, 99% used [0x00000000c0000000,0x00000000c63ad860,0x00000000c6400000)
 Metaspace       used 89799K, committed 90816K, reserved 1179648K
  class space    used 9018K, committed 9536K, reserved 1048576K
GC Heap History (20 events):
Event: 6224.169 GC heap after
{Heap after GC invocations=5857 (full 173):
 PSYoungGen      total 3584K, used 448K [0x00000000eab00000, 0x00000000eb380000, 0x0000000100000000)
  eden space 3072K, 0% used [0x00000000eab00000,0x00000000eab00000,0x00000000eae00000)
  from space 512K, 87% used [0x00000000eb300000,0x00000000eb370000,0x00000000eb380000)
  to   space 1024K, 0% used [0x00000000eb180000,0x00000000eb180000,0x00000000eb280000)
 ParOldGen       total 99840K, used 97028K [0x00000000c0000000, 0x00000000c6180000, 0x00000000eab00000)
  object space 99840K, 97% used [0x00000000c0000000,0x00000000c5ec12a0,0x00000000c6180000)
 Metaspace       used 89799K, committed 90816K, reserved 1179648K
  class space    used 9018K, committed 9536K, reserved 1048576K
}
Event: 6225.495 GC heap before
{Heap before GC invocations=5858 (full 173):
 PSYoungGen      total 3584K, used 3520K [0x00000000eab00000, 0x00000000eb380000, 0x0000000100000000)
  eden space 3072K, 100% used [0x00000000eab00000,0x00000000eae00000,0x00000000eae00000)
  from space 512K, 87% used [0x00000000eb300000,0x00000000eb370000,0x00000000eb380000)
  to   space 1024K, 0% used [0x00000000eb180000,0x00000000eb180000,0x00000000eb280000)
 ParOldGen       total 99840K, used 97028K [0x00000000c0000000, 0x00000000c6180000, 0x00000000eab00000)
  object space 99840K, 97% used [0x00000000c0000000,0x00000000c5ec12a0,0x00000000c6180000)
 Metaspace       used 89799K, committed 90816K, reserved 1179648K
  class space    used 9018K, committed 9536K, reserved 1048576K
}
Event: 6225.496 GC heap after
{Heap after GC invocations=5858 (full 173):
 PSYoungGen      total 4096K, used 688K [0x00000000eab00000, 0x00000000eb380000, 0x0000000100000000)
  eden space 3072K, 0% used [0x00000000eab00000,0x00000000eab00000,0x00000000eae00000)
  from space 1024K, 67% used [0x00000000eb180000,0x00000000eb22c010,0x00000000eb280000)
  to   space 1024K, 0% used [0x00000000eb280000,0x00000000eb280000,0x00000000eb380000)
 ParOldGen       total 99840K, used 97332K [0x00000000c0000000, 0x00000000c6180000, 0x00000000eab00000)
  object space 99840K, 97% used [0x00000000c0000000,0x00000000c5f0d2a0,0x00000000c6180000)
 Metaspace       used 89799K, committed 90816K, reserved 1179648K
  class space    used 9018K, committed 9536K, reserved 1048576K
}
Event: 6225.580 GC heap before
{Heap before GC invocations=5859 (full 173):
 PSYoungGen      total 4096K, used 3760K [0x00000000eab00000, 0x00000000eb380000, 0x0000000100000000)
  eden space 3072K, 100% used [0x00000000eab00000,0x00000000eae00000,0x00000000eae00000)
  from space 1024K, 67% used [0x00000000eb180000,0x00000000eb22c010,0x00000000eb280000)
  to   space 1024K, 0% used [0x00000000eb280000,0x00000000eb280000,0x00000000eb380000)
 ParOldGen       total 99840K, used 97332K [0x00000000c0000000, 0x00000000c6180000, 0x00000000eab00000)
  object space 99840K, 97% used [0x00000000c0000000,0x00000000c5f0d2a0,0x00000000c6180000)
 Metaspace       used 89799K, committed 90816K, reserved 1179648K
  class space    used 9018K, committed 9536K, reserved 1048576K
}
Event: 6225.581 GC heap after
{Heap after GC invocations=5859 (full 173):
 PSYoungGen      total 4096K, used 528K [0x00000000eab00000, 0x00000000eb380000, 0x0000000100000000)
  eden space 3072K, 0% used [0x00000000eab00000,0x00000000eab00000,0x00000000eae00000)
  from space 1024K, 51% used [0x00000000eb280000,0x00000000eb304010,0x00000000eb380000)
  to   space 1024K, 0% used [0x00000000eb180000,0x00000000eb180000,0x00000000eb280000)
 ParOldGen       total 99840K, used 97942K [0x00000000c0000000, 0x00000000c6180000, 0x00000000eab00000)
  object space 99840K, 98% used [0x00000000c0000000,0x00000000c5fa5be0,0x00000000c6180000)
 Metaspace       used 89799K, committed 90816K, reserved 1179648K
  class space    used 9018K, committed 9536K, reserved 1048576K
}
Event: 6225.660 GC heap before
{Heap before GC invocations=5860 (full 173):
 PSYoungGen      total 4096K, used 3600K [0x00000000eab00000, 0x00000000eb380000, 0x0000000100000000)
  eden space 3072K, 100% used [0x00000000eab00000,0x00000000eae00000,0x00000000eae00000)
  from space 1024K, 51% used [0x00000000eb280000,0x00000000eb304010,0x00000000eb380000)
  to   space 1024K, 0% used [0x00000000eb180000,0x00000000eb180000,0x00000000eb280000)
 ParOldGen       total 99840K, used 97942K [0x00000000c0000000, 0x00000000c6180000, 0x00000000eab00000)
  object space 99840K, 98% used [0x00000000c0000000,0x00000000c5fa5be0,0x00000000c6180000)
 Metaspace       used 89799K, committed 90816K, reserved 1179648K
  class space    used 9018K, committed 9536K, reserved 1048576K
}
Event: 6225.662 GC heap after
{Heap after GC invocations=5860 (full 173):
 PSYoungGen      total 4096K, used 288K [0x00000000eab00000, 0x00000000eb300000, 0x0000000100000000)
  eden space 3072K, 0% used [0x00000000eab00000,0x00000000eab00000,0x00000000eae00000)
  from space 1024K, 28% used [0x00000000eb180000,0x00000000eb1c8000,0x00000000eb280000)
  to   space 512K, 0% used [0x00000000eb280000,0x00000000eb280000,0x00000000eb300000)
 ParOldGen       total 99840K, used 98372K [0x00000000c0000000, 0x00000000c6180000, 0x00000000eab00000)
  object space 99840K, 98% used [0x00000000c0000000,0x00000000c6011080,0x00000000c6180000)
 Metaspace       used 89799K, committed 90816K, reserved 1179648K
  class space    used 9018K, committed 9536K, reserved 1048576K
}
Event: 6225.927 GC heap before
{Heap before GC invocations=5861 (full 173):
 PSYoungGen      total 4096K, used 3360K [0x00000000eab00000, 0x00000000eb300000, 0x0000000100000000)
  eden space 3072K, 100% used [0x00000000eab00000,0x00000000eae00000,0x00000000eae00000)
  from space 1024K, 28% used [0x00000000eb180000,0x00000000eb1c8000,0x00000000eb280000)
  to   space 512K, 0% used [0x00000000eb280000,0x00000000eb280000,0x00000000eb300000)
 ParOldGen       total 99840K, used 98372K [0x00000000c0000000, 0x00000000c6180000, 0x00000000eab00000)
  object space 99840K, 98% used [0x00000000c0000000,0x00000000c6011080,0x00000000c6180000)
 Metaspace       used 89799K, committed 90816K, reserved 1179648K
  class space    used 9018K, committed 9536K, reserved 1048576K
}
Event: 6225.928 GC heap after
{Heap after GC invocations=5861 (full 173):
 PSYoungGen      total 3584K, used 160K [0x00000000eab00000, 0x00000000eb300000, 0x0000000100000000)
  eden space 3072K, 0% used [0x00000000eab00000,0x00000000eab00000,0x00000000eae00000)
  from space 512K, 31% used [0x00000000eb280000,0x00000000eb2a8000,0x00000000eb300000)
  to   space 512K, 0% used [0x00000000eb200000,0x00000000eb200000,0x00000000eb280000)
 ParOldGen       total 99840K, used 98572K [0x00000000c0000000, 0x00000000c6180000, 0x00000000eab00000)
  object space 99840K, 98% used [0x00000000c0000000,0x00000000c6043080,0x00000000c6180000)
 Metaspace       used 89799K, committed 90816K, reserved 1179648K
  class space    used 9018K, committed 9536K, reserved 1048576K
}
Event: 6225.972 GC heap before
{Heap before GC invocations=5862 (full 173):
 PSYoungGen      total 3584K, used 3232K [0x00000000eab00000, 0x00000000eb300000, 0x0000000100000000)
  eden space 3072K, 100% used [0x00000000eab00000,0x00000000eae00000,0x00000000eae00000)
  from space 512K, 31% used [0x00000000eb280000,0x00000000eb2a8000,0x00000000eb300000)
  to   space 512K, 0% used [0x00000000eb200000,0x00000000eb200000,0x00000000eb280000)
 ParOldGen       total 99840K, used 98572K [0x00000000c0000000, 0x00000000c6180000, 0x00000000eab00000)
  object space 99840K, 98% used [0x00000000c0000000,0x00000000c6043080,0x00000000c6180000)
 Metaspace       used 89799K, committed 90816K, reserved 1179648K
  class space    used 9018K, committed 9536K, reserved 1048576K
}
Event: 6225.973 GC heap after
{Heap after GC invocations=5862 (full 173):
 PSYoungGen      total 3584K, used 464K [0x00000000eab00000, 0x00000000eb300000, 0x0000000100000000)
  eden space 3072K, 0% used [0x00000000eab00000,0x00000000eab00000,0x00000000eae00000)
  from space 512K, 90% used [0x00000000eb200000,0x00000000eb274010,0x00000000eb280000)
  to   space 512K, 0% used [0x00000000eb280000,0x00000000eb280000,0x00000000eb300000)
 ParOldGen       total 99840K, used 98610K [0x00000000c0000000, 0x00000000c6180000, 0x00000000eab00000)
  object space 99840K, 98% used [0x00000000c0000000,0x00000000c604cac0,0x00000000c6180000)
 Metaspace       used 89799K, committed 90816K, reserved 1179648K
  class space    used 9018K, committed 9536K, reserved 1048576K
}
Event: 6226.109 GC heap before
{Heap before GC invocations=5863 (full 173):
 PSYoungGen      total 3584K, used 3535K [0x00000000eab00000, 0x00000000eb300000, 0x0000000100000000)
  eden space 3072K, 99% used [0x00000000eab00000,0x00000000eadfff68,0x00000000eae00000)
  from space 512K, 90% used [0x00000000eb200000,0x00000000eb274010,0x00000000eb280000)
  to   space 512K, 0% used [0x00000000eb280000,0x00000000eb280000,0x00000000eb300000)
 ParOldGen       total 99840K, used 98610K [0x00000000c0000000, 0x00000000c6180000, 0x00000000eab00000)
  object space 99840K, 98% used [0x00000000c0000000,0x00000000c604cac0,0x00000000c6180000)
 Metaspace       used 89799K, committed 90816K, reserved 1179648K
  class space    used 9018K, committed 9536K, reserved 1048576K
}
Event: 6226.111 GC heap after
{Heap after GC invocations=5863 (full 173):
 PSYoungGen      total 3584K, used 176K [0x00000000eab00000, 0x00000000eb300000, 0x0000000100000000)
  eden space 3072K, 0% used [0x00000000eab00000,0x00000000eab00000,0x00000000eae00000)
  from space 512K, 34% used [0x00000000eb280000,0x00000000eb2ac010,0x00000000eb300000)
  to   space 512K, 0% used [0x00000000eb200000,0x00000000eb200000,0x00000000eb280000)
 ParOldGen       total 99840K, used 99050K [0x00000000c0000000, 0x00000000c6180000, 0x00000000eab00000)
  object space 99840K, 99% used [0x00000000c0000000,0x00000000c60baae0,0x00000000c6180000)
 Metaspace       used 89799K, committed 90816K, reserved 1179648K
  class space    used 9018K, committed 9536K, reserved 1048576K
}
Event: 6226.121 GC heap before
{Heap before GC invocations=5864 (full 173):
 PSYoungGen      total 3584K, used 3248K [0x00000000eab00000, 0x00000000eb300000, 0x0000000100000000)
  eden space 3072K, 100% used [0x00000000eab00000,0x00000000eae00000,0x00000000eae00000)
  from space 512K, 34% used [0x00000000eb280000,0x00000000eb2ac010,0x00000000eb300000)
  to   space 512K, 0% used [0x00000000eb200000,0x00000000eb200000,0x00000000eb280000)
 ParOldGen       total 99840K, used 99050K [0x00000000c0000000, 0x00000000c6180000, 0x00000000eab00000)
  object space 99840K, 99% used [0x00000000c0000000,0x00000000c60baae0,0x00000000c6180000)
 Metaspace       used 89799K, committed 90816K, reserved 1179648K
  class space    used 9018K, committed 9536K, reserved 1048576K
}
Event: 6226.122 GC heap after
{Heap after GC invocations=5864 (full 173):
 PSYoungGen      total 3584K, used 320K [0x00000000eab00000, 0x00000000eb300000, 0x0000000100000000)
  eden space 3072K, 0% used [0x00000000eab00000,0x00000000eab00000,0x00000000eae00000)
  from space 512K, 62% used [0x00000000eb200000,0x00000000eb250000,0x00000000eb280000)
  to   space 512K, 0% used [0x00000000eb280000,0x00000000eb280000,0x00000000eb300000)
 ParOldGen       total 99840K, used 99082K [0x00000000c0000000, 0x00000000c6180000, 0x00000000eab00000)
  object space 99840K, 99% used [0x00000000c0000000,0x00000000c60c2ae0,0x00000000c6180000)
 Metaspace       used 89799K, committed 90816K, reserved 1179648K
  class space    used 9018K, committed 9536K, reserved 1048576K
}
Event: 6226.725 GC heap before
{Heap before GC invocations=5865 (full 173):
 PSYoungGen      total 3584K, used 3140K [0x00000000eab00000, 0x00000000eb300000, 0x0000000100000000)
  eden space 3072K, 91% used [0x00000000eab00000,0x00000000eadc1338,0x00000000eae00000)
  from space 512K, 62% used [0x00000000eb200000,0x00000000eb250000,0x00000000eb280000)
  to   space 512K, 0% used [0x00000000eb280000,0x00000000eb280000,0x00000000eb300000)
 ParOldGen       total 99840K, used 99082K [0x00000000c0000000, 0x00000000c6180000, 0x00000000eab00000)
  object space 99840K, 99% used [0x00000000c0000000,0x00000000c60c2ae0,0x00000000c6180000)
 Metaspace       used 89799K, committed 90816K, reserved 1179648K
  class space    used 9018K, committed 9536K, reserved 1048576K
}
Event: 6226.726 GC heap after
{Heap after GC invocations=5865 (full 173):
 PSYoungGen      total 3584K, used 192K [0x00000000eab00000, 0x00000000eb300000, 0x0000000100000000)
  eden space 3072K, 0% used [0x00000000eab00000,0x00000000eab00000,0x00000000eae00000)
  from space 512K, 37% used [0x00000000eb280000,0x00000000eb2b0000,0x00000000eb300000)
  to   space 512K, 0% used [0x00000000eb200000,0x00000000eb200000,0x00000000eb280000)
 ParOldGen       total 99840K, used 99359K [0x00000000c0000000, 0x00000000c6180000, 0x00000000eab00000)
  object space 99840K, 99% used [0x00000000c0000000,0x00000000c6107f80,0x00000000c6180000)
 Metaspace       used 89799K, committed 90816K, reserved 1179648K
  class space    used 9018K, committed 9536K, reserved 1048576K
}
Event: 6226.731 GC heap before
{Heap before GC invocations=5866 (full 173):
 PSYoungGen      total 3584K, used 3264K [0x00000000eab00000, 0x00000000eb300000, 0x0000000100000000)
  eden space 3072K, 100% used [0x00000000eab00000,0x00000000eae00000,0x00000000eae00000)
  from space 512K, 37% used [0x00000000eb280000,0x00000000eb2b0000,0x00000000eb300000)
  to   space 512K, 0% used [0x00000000eb200000,0x00000000eb200000,0x00000000eb280000)
 ParOldGen       total 99840K, used 99359K [0x00000000c0000000, 0x00000000c6180000, 0x00000000eab00000)
  object space 99840K, 99% used [0x00000000c0000000,0x00000000c6107f80,0x00000000c6180000)
 Metaspace       used 89799K, committed 90816K, reserved 1179648K
  class space    used 9018K, committed 9536K, reserved 1048576K
}
Event: 6226.733 GC heap after
{Heap after GC invocations=5866 (full 173):
 PSYoungGen      total 3584K, used 486K [0x00000000eab00000, 0x00000000eb600000, 0x0000000100000000)
  eden space 3072K, 0% used [0x00000000eab00000,0x00000000eab00000,0x00000000eae00000)
  from space 512K, 94% used [0x00000000eb200000,0x00000000eb2798e0,0x00000000eb280000)
  to   space 3584K, 0% used [0x00000000eb280000,0x00000000eb280000,0x00000000eb600000)
 ParOldGen       total 102400K, used 102070K [0x00000000c0000000, 0x00000000c6400000, 0x00000000eab00000)
  object space 102400K, 99% used [0x00000000c0000000,0x00000000c63ad860,0x00000000c6400000)
 Metaspace       used 89799K, committed 90816K, reserved 1179648K
  class space    used 9018K, committed 9536K, reserved 1048576K
}
Event: 6226.733 GC heap before
{Heap before GC invocations=5867 (full 174):
 PSYoungGen      total 3584K, used 486K [0x00000000eab00000, 0x00000000eb600000, 0x0000000100000000)
  eden space 3072K, 0% used [0x00000000eab00000,0x00000000eab00000,0x00000000eae00000)
  from space 512K, 94% used [0x00000000eb200000,0x00000000eb2798e0,0x00000000eb280000)
  to   space 3584K, 0% used [0x00000000eb280000,0x00000000eb280000,0x00000000eb600000)
 ParOldGen       total 102400K, used 102070K [0x00000000c0000000, 0x00000000c6400000, 0x00000000eab00000)
  object space 102400K, 99% used [0x00000000c0000000,0x00000000c63ad860,0x00000000c6400000)
 Metaspace       used 89799K, committed 90816K, reserved 1179648K
  class space    used 9018K, committed 9536K, reserved 1048576K
}

